2026-04-06 03:01:53,229 - INFO - 尝试获取 2026-04-06 的 2Y 国债收益率...
2026-04-06 03:01:54,791 - INFO - ✅ 成功从 Trading Economics 获取 2026-04-06 的 2Y: 3.862%
2026-04-06 03:01:54,793 - INFO - 尝试获取 2026-04-06 的 10Y 国债收益率...
2026-04-06 03:01:56,427 - INFO - ✅ 成功从 Trading Economics 获取 2026-04-06 的 10Y: 4.356%
2026-04-06 03:01:56,429 - INFO - 尝试获取 2026-04-06 的 VIX 数据...
2026-04-06 03:01:56,683 - ERROR - $^VIX: possibly delisted; no price data found  (1d 2026-04-04 -> 2026-04-07)
2026-04-06 03:01:56,683 - INFO - 尝试获取 2026-04-03 的 VIX 数据...
2026-04-06 03:01:56,710 - INFO - ✅ 成功从 yfinance 获取 2026-04-02 的 VIX: 23.8700008392334 (最接近 2026-04-03)
2026-04-06 03:01:56,710 - INFO - 尝试获取 2026-04-06 的 SOFR 数据...
2026-04-06 03:02:06,856 - WARNING - 从 FRED 获取 2026-04-06 的 SOFR 失败: HTTPSConnectionPool(host='fred.stlouisfed.org', port=443): Read timed out. (read timeout=10)
2026-04-06 03:02:06,856 - INFO - 尝试获取 2026-04-03 的 SOFR 数据...
2026-04-06 03:02:16,985 - WARNING - 从 FRED 获取 2026-04-03 的 SOFR 失败: HTTPSConnectionPool(host='fred.stlouisfed.org', port=443): Read timed out. (read timeout=10)
2026-04-06 03:02:16,986 - INFO - 尝试获取 2026-04-02 的 SOFR 数据...
2026-04-06 03:02:27,076 - WARNING - 从 FRED 获取 2026-04-02 的 SOFR 失败: HTTPSConnectionPool(host='fred.stlouisfed.org', port=443): Read timed out. (read timeout=10)
2026-04-06 03:02:27,076 - INFO - 尝试获取 2026-04-01 的 SOFR 数据...
2026-04-06 03:02:37,180 - WARNING - 从 FRED 获取 2026-04-01 的 SOFR 失败: HTTPSConnectionPool(host='fred.stlouisfed.org', port=443): Read timed out. (read timeout=10)
2026-04-06 03:02:37,180 - INFO - 尝试获取 2026-03-31 的 SOFR 数据...
2026-04-06 03:02:47,281 - WARNING - 从 FRED 获取 2026-03-31 的 SOFR 失败: HTTPSConnectionPool(host='fred.stlouisfed.org', port=443): Read timed out. (read timeout=10)
2026-04-06 03:02:47,281 - INFO - 尝试获取 2026-03-30 的 SOFR 数据...
2026-04-06 03:02:57,407 - WARNING - 从 FRED 获取 2026-03-30 的 SOFR 失败: HTTPSConnectionPool(host='fred.stlouisfed.org', port=443): Read timed out. (read timeout=10)
2026-04-06 03:02:57,407 - ERROR - 无法从任何网络来源获取 SOFR 数据
2026-04-06 03:02:57,407 - INFO - 尝试获取 2026-04-06 的 EFFR 数据...
2026-04-06 03:03:07,796 - WARNING - 从 FRED 获取 2026-04-06 的 EFFR 失败: HTTPSConnectionPool(host='fred.stlouisfed.org', port=443): Read timed out. (read timeout=10)
2026-04-06 03:03:07,796 - INFO - 尝试获取 2026-04-03 的 EFFR 数据...
2026-04-06 03:03:18,166 - WARNING - 从 FRED 获取 2026-04-03 的 EFFR 失败: HTTPSConnectionPool(host='fred.stlouisfed.org', port=443): Read timed out. (read timeout=10)
2026-04-06 03:03:18,166 - INFO - 尝试获取 2026-04-02 的 EFFR 数据...
2026-04-06 03:03:28,531 - WARNING - 从 FRED 获取 2026-04-02 的 EFFR 失败: HTTPSConnectionPool(host='fred.stlouisfed.org', port=443): Read timed out. (read timeout=10)
2026-04-06 03:03:28,531 - INFO - 尝试获取 2026-04-01 的 EFFR 数据...
2026-04-06 03:03:48,635 - INFO - 尝试获取 2026-04-06 的 2Y 国债收益率...
2026-04-06 03:03:50,142 - INFO - ✅ 成功从 Trading Economics 获取 2026-04-06 的 2Y: 3.864%
2026-04-06 03:03:50,146 - INFO - 尝试获取 2026-04-06 的 10Y 国债收益率...
2026-04-06 03:03:51,779 - INFO - ✅ 成功从 Trading Economics 获取 2026-04-06 的 10Y: 4.356%
2026-04-06 03:03:58,275 - INFO - 尝试获取 2026-04-06 的 2Y 国债收益率...
2026-04-06 03:03:59,753 - INFO - ✅ 成功从 Trading Economics 获取 2026-04-06 的 2Y: 3.864%
2026-04-06 03:03:59,755 - INFO - 尝试获取 2026-04-06 的 10Y 国债收益率...
2026-04-06 03:04:01,421 - INFO - ✅ 成功从 Trading Economics 获取 2026-04-06 的 10Y: 4.356%
2026-04-06 03:04:01,424 - INFO - 尝试获取 2026-04-06 的 VIX 数据...
2026-04-06 03:04:01,692 - ERROR - $^VIX: possibly delisted; no price data found  (1d 2026-04-04 -> 2026-04-07)
2026-04-06 03:04:01,693 - INFO - 尝试获取 2026-04-03 的 VIX 数据...
2026-04-06 03:04:01,725 - INFO - ✅ 成功从 yfinance 获取 2026-04-02 的 VIX: 23.8700008392334 (最接近 2026-04-03)
2026-04-06 03:04:01,726 - INFO - 尝试获取 2026-04-06 的 SOFR 数据...
2026-04-06 03:04:11,867 - WARNING - 从 FRED 获取 2026-04-06 的 SOFR 失败: HTTPSConnectionPool(host='fred.stlouisfed.org', port=443): Read timed out. (read timeout=10)
2026-04-06 03:04:11,867 - INFO - 尝试获取 2026-04-03 的 SOFR 数据...
2026-04-06 03:04:21,970 - WARNING - 从 FRED 获取 2026-04-03 的 SOFR 失败: HTTPSConnectionPool(host='fred.stlouisfed.org', port=443): Read timed out. (read timeout=10)
2026-04-06 03:04:21,970 - INFO - 尝试获取 2026-04-02 的 SOFR 数据...
2026-04-06 03:04:32,084 - WARNING - 从 FRED 获取 2026-04-02 的 SOFR 失败: HTTPSConnectionPool(host='fred.stlouisfed.org', port=443): Read timed out. (read timeout=10)
2026-04-06 03:04:32,084 - INFO - 尝试获取 2026-04-01 的 SOFR 数据...
2026-04-06 03:04:37,978 - INFO - 尝试获取 2026-04-06 的 2Y 国债收益率...
2026-04-06 03:04:39,466 - INFO - ✅ 成功从 Trading Economics 获取 2026-04-06 的 2Y: 3.864%
2026-04-06 03:04:39,470 - INFO - 尝试获取 2026-04-06 的 10Y 国债收益率...
2026-04-06 03:04:41,100 - INFO - ✅ 成功从 Trading Economics 获取 2026-04-06 的 10Y: 4.356%
2026-04-06 03:04:41,102 - INFO - 尝试获取 2026-04-06 的 VIX 数据...
2026-04-06 03:04:41,364 - ERROR - $^VIX: possibly delisted; no price data found  (1d 2026-04-04 -> 2026-04-07)
2026-04-06 03:04:41,365 - INFO - 尝试获取 2026-04-03 的 VIX 数据...
2026-04-06 03:04:41,394 - INFO - ✅ 成功从 yfinance 获取 2026-04-02 的 VIX: 23.8700008392334 (最接近 2026-04-03)
2026-04-06 03:04:41,394 - INFO - 尝试获取 2026-04-06 的 SOFR 数据...
2026-04-06 03:04:51,664 - INFO - 尝试获取 2026-04-06 的 2Y 国债收益率...
2026-04-06 03:04:53,191 - INFO - ✅ 成功从 Trading Economics 获取 2026-04-06 的 2Y: 3.864%
2026-04-06 03:04:53,195 - INFO - 尝试获取 2026-04-06 的 10Y 国债收益率...
2026-04-06 03:04:54,922 - INFO - ✅ 成功从 Trading Economics 获取 2026-04-06 的 10Y: 4.356%
2026-04-06 03:04:54,924 - INFO - 尝试获取 2026-04-06 的 VIX 数据...
2026-04-06 03:04:55,205 - ERROR - $^VIX: possibly delisted; no price data found  (1d 2026-04-04 -> 2026-04-07)
2026-04-06 03:04:55,208 - INFO - 尝试获取 2026-04-03 的 VIX 数据...
2026-04-06 03:04:55,241 - INFO - ✅ 成功从 yfinance 获取 2026-04-02 的 VIX: 23.8700008392334 (最接近 2026-04-03)
2026-04-06 03:05:22,541 - INFO - 尝试获取 2026-04-06 的 2Y 国债收益率...
2026-04-06 03:05:24,042 - INFO - ✅ 成功从 Trading Economics 获取 2026-04-06 的 2Y: 3.864%
2026-04-06 03:05:24,049 - INFO - 尝试获取 2026-04-06 的 10Y 国债收益率...
2026-04-06 03:05:25,742 - INFO - ✅ 成功从 Trading Economics 获取 2026-04-06 的 10Y: 4.356%
2026-04-06 03:05:25,744 - INFO - 尝试获取 2026-04-06 的 VIX 数据...
2026-04-06 03:05:25,994 - ERROR - $^VIX: possibly delisted; no price data found  (1d 2026-04-04 -> 2026-04-07)
2026-04-06 03:05:25,994 - INFO - 尝试获取 2026-04-03 的 VIX 数据...
2026-04-06 03:05:26,026 - INFO - ✅ 成功从 yfinance 获取 2026-04-02 的 VIX: 23.8700008392334 (最接近 2026-04-03)
2026-04-06 03:05:34,726 - INFO - 尝试获取 2026-04-06 的 2Y 国债收益率...
2026-04-06 03:05:36,234 - INFO - ✅ 成功从 Trading Economics 获取 2026-04-06 的 2Y: 3.864%
2026-04-06 03:05:36,240 - INFO - 尝试获取 2026-04-06 的 10Y 国债收益率...
2026-04-06 03:05:37,867 - INFO - ✅ 成功从 Trading Economics 获取 2026-04-06 的 10Y: 4.356%
2026-04-06 03:05:37,869 - INFO - 尝试获取 2026-04-06 的 VIX 数据...
2026-04-06 03:05:38,118 - ERROR - $^VIX: possibly delisted; no price data found  (1d 2026-04-04 -> 2026-04-07)
2026-04-06 03:05:38,118 - INFO - 尝试获取 2026-04-03 的 VIX 数据...
2026-04-06 03:05:38,144 - INFO - ✅ 成功从 yfinance 获取 2026-04-02 的 VIX: 23.8700008392334 (最接近 2026-04-03)
2026-04-06 03:06:02,792 - INFO - 尝试获取 2026-04-06 的 SOFR 数据...
2026-04-06 03:06:02,866 - ERROR - 无法从网络获取 SOFR 数据
2026-04-06 03:06:02,868 - INFO - 尝试获取 2026-04-06 的 EFFR 数据...
2026-04-06 03:06:03,184 - ERROR - 无法从网络获取 EFFR 数据
2026-04-06 03:06:11,031 - INFO - 尝试获取 2026-04-06 的 2Y 国债收益率...
2026-04-06 03:06:12,490 - INFO - ✅ 成功从 Trading Economics 获取 2026-04-06 的 2Y: 3.864%
2026-04-06 03:06:12,493 - INFO - 尝试获取 2026-04-06 的 10Y 国债收益率...
2026-04-06 03:06:14,131 - INFO - ✅ 成功从 Trading Economics 获取 2026-04-06 的 10Y: 4.356%
2026-04-06 03:06:14,133 - INFO - 尝试获取 2026-04-06 的 VIX 数据...
2026-04-06 03:06:14,384 - ERROR - $^VIX: possibly delisted; no price data found  (1d 2026-04-04 -> 2026-04-07)
2026-04-06 03:06:14,385 - INFO - 尝试获取 2026-04-03 的 VIX 数据...
2026-04-06 03:06:14,411 - INFO - ✅ 成功从 yfinance 获取 2026-04-02 的 VIX: 23.8700008392334 (最接近 2026-04-03)
2026-04-06 03:06:14,412 - INFO - 尝试获取 2026-04-06 的 SOFR 数据...
2026-04-06 03:06:14,478 - ERROR - 无法从网络获取 SOFR 数据
2026-04-06 03:06:14,479 - INFO - 尝试获取 2026-04-06 的 EFFR 数据...
2026-04-06 03:06:14,803 - ERROR - 无法从网络获取 EFFR 数据
2026-04-06 03:06:47,104 - INFO - 尝试获取 2026-04-06 的 2Y 国债收益率...
2026-04-06 03:06:48,603 - INFO - ✅ 成功从 Trading Economics 获取 2026-04-06 的 2Y: 3.864%
2026-04-06 03:06:48,606 - INFO - 尝试获取 2026-04-06 的 10Y 国债收益率...
2026-04-06 03:06:50,257 - INFO - ✅ 成功从 Trading Economics 获取 2026-04-06 的 10Y: 4.356%
2026-04-06 03:06:50,259 - INFO - 尝试获取 2026-04-06 的 VIX 数据...
2026-04-06 03:06:50,521 - ERROR - $^VIX: possibly delisted; no price data found  (1d 2026-04-04 -> 2026-04-07)
2026-04-06 03:06:50,523 - INFO - 尝试获取 2026-04-03 的 VIX 数据...
2026-04-06 03:06:50,568 - INFO - ✅ 成功从 yfinance 获取 2026-04-02 的 VIX: 23.8700008392334 (最接近 2026-04-03)
2026-04-06 03:06:50,569 - INFO - 尝试获取 2026-04-06 的 SOFR 数据...
2026-04-06 03:06:50,641 - ERROR - 无法从网络获取 SOFR 数据
2026-04-06 03:06:50,642 - INFO - 尝试获取 2026-04-06 的 EFFR 数据...
2026-04-06 03:06:50,972 - ERROR - 无法从网络获取 EFFR 数据
2026-04-06 03:06:50,973 - WARNING - ⚠️ ALERT: 市场波动性升高！需要关注风险。
2026-04-06 03:07:35,341 - INFO - 尝试获取 2026-04-06 的 2Y 国债收益率...
2026-04-06 03:07:36,849 - INFO - ✅ 成功从 Trading Economics 获取 2026-04-06 的 2Y: 3.864%
2026-04-06 03:07:36,857 - INFO - 尝试获取 2026-04-06 的 10Y 国债收益率...
2026-04-06 03:07:38,500 - INFO - ✅ 成功从 Trading Economics 获取 2026-04-06 的 10Y: 4.356%
2026-04-06 03:07:38,502 - INFO - 尝试获取 2026-04-06 的 VIX 数据...
2026-04-06 03:07:38,759 - ERROR - $^VIX: possibly delisted; no price data found  (1d 2026-04-04 -> 2026-04-07)
2026-04-06 03:07:38,760 - INFO - 尝试获取 2026-04-03 的 VIX 数据...
2026-04-06 03:07:38,785 - INFO - ✅ 成功从 yfinance 获取 2026-04-02 的 VIX: 23.8700008392334 (最接近 2026-04-03)
2026-04-06 03:07:38,785 - INFO - 尝试获取 2026-04-06 的 SOFR 数据...
2026-04-06 03:07:38,859 - ERROR - 无法从网络获取 SOFR 数据
2026-04-06 03:07:38,860 - INFO - 尝试获取 2026-04-06 的 EFFR 数据...
2026-04-06 03:07:39,183 - ERROR - 无法从网络获取 EFFR 数据
2026-04-06 03:07:39,184 - WARNING - ⚠️ ALERT: 市场波动性升高！需要关注风险。
2026-04-06 03:12:53,215 - INFO - 尝试获取 2026-04-06 的 2Y 国债收益率...
2026-04-06 03:12:54,721 - INFO - ✅ 成功从 Trading Economics 获取 2026-04-06 的 2Y: 3.864%
2026-04-06 03:12:54,724 - INFO - 尝试获取 2026-04-06 的 10Y 国债收益率...
2026-04-06 03:12:56,415 - INFO - ✅ 成功从 Trading Economics 获取 2026-04-06 的 10Y: 4.353%
2026-04-06 03:12:56,417 - INFO - 尝试获取 2026-04-06 的 VIX 数据...
2026-04-06 03:12:56,754 - ERROR - $^VIX: possibly delisted; no price data found  (1d 2026-04-04 -> 2026-04-07)
2026-04-06 03:12:56,755 - INFO - 尝试获取 2026-04-03 的 VIX 数据...
2026-04-06 03:12:56,786 - INFO - ✅ 成功从 yfinance 获取 2026-04-02 的 VIX: 23.8700008392334 (最接近 2026-04-03)
2026-04-06 03:12:56,787 - INFO - 尝试获取 2026-04-06 的 SOFR 数据...
2026-04-06 03:12:57,175 - INFO - API返回的数据日期 2026-04-01 与目标日期 2026-04-06 相差 5 天，尝试其他日期
2026-04-06 03:12:57,175 - INFO - 尝试获取 2026-04-03 的 SOFR 数据...
2026-04-06 03:12:57,240 - INFO - ✅ 成功从纽约联储获取 SOFR: 3.65% (日期: 2026-04-01)
2026-04-06 03:12:57,242 - INFO - 尝试获取 2026-04-06 的 EFFR 数据...
2026-04-06 03:12:57,600 - ERROR - 无法从网络获取 EFFR 数据
2026-04-06 03:12:57,601 - WARNING - ⚠️ ALERT: 市场波动性升高！需要关注风险。
2026-04-06 03:27:51,388 - INFO - 尝试获取 2026-04-06 的 2Y 国债收益率...
2026-04-06 03:27:53,303 - INFO - ✅ 成功从 Trading Economics 获取 2026-04-06 的 2Y: 3.864%
2026-04-06 03:27:53,337 - INFO - 尝试获取 2026-04-06 的 10Y 国债收益率...
2026-04-06 03:27:55,575 - INFO - ✅ 成功从 Trading Economics 获取 2026-04-06 的 10Y: 4.36%
2026-04-06 03:27:55,601 - INFO - 尝试获取 2026-04-06 的 VIX 数据...
2026-04-06 03:27:56,034 - ERROR - $^VIX: possibly delisted; no price data found  (1d 2026-04-04 -> 2026-04-07)
2026-04-06 03:27:56,039 - INFO - 尝试获取 2026-04-03 的 VIX 数据...
2026-04-06 03:27:56,160 - INFO - ✅ 成功从 yfinance 获取 2026-04-02 的 VIX: 23.8700008392334 (最接近 2026-04-03)
2026-04-06 03:27:56,163 - INFO - 尝试获取 2026-04-06 的 SOFR 数据...
2026-04-06 03:27:56,764 - INFO - API返回的数据日期 2026-04-01 与目标日期 2026-04-06 相差 5 天，尝试其他日期
2026-04-06 03:27:56,772 - INFO - 尝试获取 2026-04-03 的 SOFR 数据...
2026-04-06 03:27:57,194 - INFO - ✅ 成功从纽约联储获取 SOFR: 3.65% (日期: 2026-04-01)
2026-04-06 03:27:57,208 - INFO - 尝试获取 2026-04-06 的 EFFR 数据...
2026-04-06 03:27:57,688 - ERROR - 无法从网络获取 EFFR 数据
2026-04-06 03:27:57,694 - WARNING - ⚠️ ALERT: 市场波动性升高！需要关注风险。
2026-04-06 03:34:51,207 - INFO - 尝试获取 2026-04-06 的 2Y 国债收益率...
2026-04-06 03:34:52,802 - INFO - ✅ 成功从 Trading Economics 获取 2026-04-06 的 2Y: 3.864%
2026-04-06 03:34:52,805 - INFO - 尝试获取 2026-04-06 的 10Y 国债收益率...
2026-04-06 03:34:54,457 - INFO - ✅ 成功从 Trading Economics 获取 2026-04-06 的 10Y: 4.36%
2026-04-06 03:34:54,459 - INFO - 尝试获取 2026-04-06 的 VIX 数据...
2026-04-06 03:34:54,950 - ERROR - $^VIX: possibly delisted; no price data found  (1d 2026-04-04 -> 2026-04-07)
2026-04-06 03:34:54,951 - INFO - 尝试获取 2026-04-03 的 VIX 数据...
2026-04-06 03:34:55,043 - INFO - ✅ 成功从 yfinance 获取 2026-04-02 的 VIX: 23.8700008392334 (最接近 2026-04-03)
2026-04-06 03:34:55,044 - INFO - 尝试获取 2026-04-06 的 SOFR 数据...
2026-04-06 03:34:55,427 - INFO - API返回的数据日期 2026-04-01 与目标日期 2026-04-06 相差 5 天，尝试其他日期
2026-04-06 03:34:55,427 - INFO - 尝试获取 2026-04-03 的 SOFR 数据...
2026-04-06 03:34:55,485 - INFO - ✅ 成功从纽约联储获取 SOFR: 3.65% (日期: 2026-04-01)
2026-04-06 03:34:55,487 - INFO - 尝试获取 2026-04-06 的 EFFR 数据...
2026-04-06 03:34:55,820 - ERROR - 无法从网络获取 EFFR 数据
2026-04-06 03:34:55,823 - WARNING - ⚠️ ALERT: 市场波动性升高！需要关注风险。
2026-04-06 03:37:43,057 - INFO - 尝试获取 2026-04-06 的 2Y 国债收益率...
2026-04-06 03:37:44,568 - INFO - ✅ 成功从 Trading Economics 获取 2026-04-06 的 2Y: 3.864%
2026-04-06 03:37:44,570 - INFO - 尝试获取 2026-04-06 的 10Y 国债收益率...
2026-04-06 03:37:46,219 - INFO - ✅ 成功从 Trading Economics 获取 2026-04-06 的 10Y: 4.36%
2026-04-06 03:37:46,221 - INFO - 尝试获取 2026-04-06 的 VIX 数据...
2026-04-06 03:37:46,514 - ERROR - $^VIX: possibly delisted; no price data found  (1d 2026-04-04 -> 2026-04-07)
2026-04-06 03:37:46,517 - INFO - 尝试获取 2026-04-03 的 VIX 数据...
2026-04-06 03:37:46,549 - INFO - ✅ 成功从 yfinance 获取 2026-04-02 的 VIX: 23.8700008392334 (最接近 2026-04-03)
2026-04-06 03:37:46,550 - INFO - 尝试获取 2026-04-06 的 SOFR 数据...
2026-04-06 03:37:47,197 - INFO - API返回的数据日期 2026-04-01 与目标日期 2026-04-06 相差 5 天，尝试其他日期
2026-04-06 03:37:47,197 - INFO - 尝试获取 2026-04-03 的 SOFR 数据...
2026-04-06 03:37:47,411 - INFO - ✅ 成功从纽约联储获取 SOFR: 3.65% (日期: 2026-04-01)
2026-04-06 03:37:47,412 - INFO - 尝试获取 2026-04-06 的 EFFR 数据...
2026-04-06 03:37:47,998 - INFO - 尝试获取 2026-04-03 的 EFFR 数据...
2026-04-06 03:37:48,194 - INFO - 尝试获取 2026-04-02 的 EFFR 数据...
2026-04-06 03:37:48,422 - INFO - 尝试获取 2026-04-01 的 EFFR 数据...
2026-04-06 03:37:48,616 - INFO - 尝试获取 2026-03-31 的 EFFR 数据...
2026-04-06 03:37:49,182 - INFO - 尝试获取 2026-03-30 的 EFFR 数据...
2026-04-06 03:37:49,364 - ERROR - 无法从纽约联储获取 EFFR 数据
2026-04-06 03:37:49,366 - WARNING - ⚠️ ALERT: 市场波动性升高！需要关注风险。
2026-04-06 03:38:19,647 - INFO - 尝试获取 2026-04-06 的 2Y 国债收益率...
2026-04-06 03:38:21,115 - INFO - ✅ 成功从 Trading Economics 获取 2026-04-06 的 2Y: 3.864%
2026-04-06 03:38:21,122 - INFO - 尝试获取 2026-04-06 的 10Y 国债收益率...
2026-04-06 03:38:22,763 - INFO - ✅ 成功从 Trading Economics 获取 2026-04-06 的 10Y: 4.36%
2026-04-06 03:38:22,767 - INFO - 尝试获取 2026-04-06 的 VIX 数据...
2026-04-06 03:38:23,059 - ERROR - $^VIX: possibly delisted; no price data found  (1d 2026-04-04 -> 2026-04-07)
2026-04-06 03:38:23,062 - INFO - 尝试获取 2026-04-03 的 VIX 数据...
2026-04-06 03:38:23,126 - INFO - ✅ 成功从 yfinance 获取 2026-04-02 的 VIX: 23.8700008392334 (最接近 2026-04-03)
2026-04-06 03:38:23,126 - INFO - 尝试获取 2026-04-06 的 SOFR 数据...
2026-04-06 03:38:23,475 - INFO - API返回的数据日期 2026-04-01 与目标日期 2026-04-06 相差 5 天，尝试其他日期
2026-04-06 03:38:23,475 - INFO - 尝试获取 2026-04-03 的 SOFR 数据...
2026-04-06 03:38:23,558 - INFO - ✅ 成功从纽约联储获取 SOFR: 3.65% (日期: 2026-04-01)
2026-04-06 03:38:23,559 - INFO - 尝试获取 2026-04-06 的 EFFR 数据...
2026-04-06 03:38:23,605 - INFO - API返回的数据日期 2026-04-02 与目标日期 2026-04-06 相差 4 天，尝试其他日期
2026-04-06 03:38:23,606 - INFO - 尝试获取 2026-04-03 的 EFFR 数据...
2026-04-06 03:38:23,808 - INFO - ✅ 成功从纽约联储获取 EFFR: 3.64% (日期: 2026-04-02)
2026-04-06 03:38:23,809 - INFO - SUCCESS: Spread=0.0100%
2026-04-06 03:38:23,809 - WARNING - ⚠️ ALERT: 市场波动性升高！需要关注风险。
2026-04-06 03:39:50,387 - INFO - 尝试获取 2026-04-06 的 2Y 国债收益率...
2026-04-06 03:39:51,863 - INFO - ✅ 成功从 Trading Economics 获取 2026-04-06 的 2Y: 3.864%
2026-04-06 03:39:51,867 - INFO - 尝试获取 2026-04-06 的 10Y 国债收益率...
2026-04-06 03:39:53,493 - INFO - ✅ 成功从 Trading Economics 获取 2026-04-06 的 10Y: 4.36%
2026-04-06 03:39:53,495 - INFO - 尝试获取 2026-04-06 的 VIX 数据...
2026-04-06 03:39:53,754 - ERROR - $^VIX: possibly delisted; no price data found  (1d 2026-04-04 -> 2026-04-07)
2026-04-06 03:39:53,754 - INFO - 尝试获取 2026-04-03 的 VIX 数据...
2026-04-06 03:39:53,778 - INFO - ✅ 成功从 yfinance 获取 2026-04-02 的 VIX: 23.8700008392334 (最接近 2026-04-03)
2026-04-06 03:39:53,779 - INFO - 尝试获取 2026-04-06 的 SOFR 数据...
2026-04-06 03:39:54,248 - INFO - API返回的数据日期 2026-04-01 与目标日期 2026-04-06 相差 5 天，尝试其他日期
2026-04-06 03:39:54,248 - INFO - 尝试获取 2026-04-03 的 SOFR 数据...
2026-04-06 03:39:54,332 - INFO - ✅ 成功从纽约联储获取 SOFR: 3.65% (日期: 2026-04-01)
2026-04-06 03:39:54,334 - INFO - 尝试获取 2026-04-06 的 EFFR 数据...
2026-04-06 03:39:54,614 - INFO - API返回的数据日期 2026-04-02 与目标日期 2026-04-06 相差 4 天，尝试其他日期
2026-04-06 03:39:54,614 - INFO - 尝试获取 2026-04-03 的 EFFR 数据...
2026-04-06 03:39:54,816 - INFO - ✅ 成功从纽约联储获取 EFFR: 3.64% (日期: 2026-04-02)
2026-04-06 03:39:54,817 - INFO - SUCCESS: Spread=0.0100%
2026-04-06 03:39:54,817 - WARNING - ⚠️ ALERT: 市场波动性升高！需要关注风险。
2026-04-06 06:49:35,527 - INFO - 尝试获取 2026-04-06 的 2Y 国债收益率...
2026-04-06 06:49:36,479 - INFO - 尝试从 yfinance 获取 2026-04-06 的 2Y 国债收益率...
2026-04-06 06:49:37,242 - ERROR - $^TWO: possibly delisted; no price data found  (1d 2026-04-04 -> 2026-04-07)
2026-04-06 06:49:37,242 - INFO - 尝试获取 2026-04-03 的 2Y 国债收益率...
2026-04-06 06:49:38,229 - INFO - 尝试从 yfinance 获取 2026-04-03 的 2Y 国债收益率...
2026-04-06 06:49:38,249 - ERROR - $^TWO: possibly delisted; no price data found  (1d 2026-04-01 -> 2026-04-04)
2026-04-06 06:49:38,250 - INFO - 尝试获取 2026-04-02 的 2Y 国债收益率...
2026-04-06 06:49:39,200 - INFO - 尝试从 yfinance 获取 2026-04-02 的 2Y 国债收益率...
2026-04-06 06:49:39,220 - ERROR - $^TWO: possibly delisted; no price data found  (1d 2026-03-31 -> 2026-04-03)
2026-04-06 06:49:39,221 - INFO - 尝试获取 2026-04-01 的 2Y 国债收益率...
2026-04-06 06:49:40,148 - INFO - 尝试从 yfinance 获取 2026-04-01 的 2Y 国债收益率...
2026-04-06 06:49:40,166 - ERROR - $^TWO: possibly delisted; no price data found  (1d 2026-03-30 -> 2026-04-02)
2026-04-06 06:49:40,167 - INFO - 尝试获取 2026-03-31 的 2Y 国债收益率...
2026-04-06 06:49:41,093 - INFO - 尝试从 yfinance 获取 2026-03-31 的 2Y 国债收益率...
2026-04-06 06:49:41,112 - ERROR - $^TWO: possibly delisted; no price data found  (1d 2026-03-29 -> 2026-04-01)
2026-04-06 06:49:41,112 - INFO - 尝试获取 2026-03-30 的 2Y 国债收益率...
2026-04-06 06:49:42,042 - INFO - 尝试从 yfinance 获取 2026-03-30 的 2Y 国债收益率...
2026-04-06 06:49:42,060 - ERROR - $^TWO: possibly delisted; no price data found  (1d 2026-03-28 -> 2026-03-31)
2026-04-06 06:49:42,060 - ERROR - 无法从任何网络来源获取 2Y 国债收益率
2026-04-06 06:49:42,061 - INFO - 尝试获取 2026-04-06 的 10Y 国债收益率...
2026-04-06 06:49:43,014 - INFO - 尝试从 yfinance 获取 2026-04-06 的 10Y 国债收益率...
2026-04-06 06:49:43,065 - ERROR - $^TNX: possibly delisted; no price data found  (1d 2026-04-04 -> 2026-04-07)
2026-04-06 06:49:43,065 - INFO - 尝试获取 2026-04-03 的 10Y 国债收益率...
2026-04-06 06:49:44,009 - INFO - 尝试从 yfinance 获取 2026-04-03 的 10Y 国债收益率...
2026-04-06 06:49:44,185 - INFO - ✅ 成功从 yfinance 获取 2026-04-02 的 10Y: 4.313000202178955% (最接近 2026-04-03)
2026-04-06 06:49:44,186 - INFO - 尝试获取 2026-04-06 的 VIX 数据...
2026-04-06 06:49:44,203 - ERROR - $^VIX: possibly delisted; no price data found  (1d 2026-04-04 -> 2026-04-07)
2026-04-06 06:49:44,204 - INFO - 尝试获取 2026-04-03 的 VIX 数据...
2026-04-06 06:49:44,226 - INFO - ✅ 成功从 yfinance 获取 2026-04-02 的 VIX: 23.8700008392334 (最接近 2026-04-03)
2026-04-06 06:49:44,226 - INFO - 尝试获取 2026-04-06 的 SOFR 数据...
2026-04-06 06:49:45,454 - INFO - API返回的数据日期 2026-04-01 与目标日期 2026-04-06 相差 5 天，尝试其他日期
2026-04-06 06:49:45,454 - INFO - 尝试获取 2026-04-03 的 SOFR 数据...
2026-04-06 06:49:45,534 - INFO - ✅ 成功从纽约联储获取 SOFR: 3.65% (日期: 2026-04-01)
2026-04-06 06:49:45,538 - INFO - 尝试获取 2026-04-06 的 EFFR 数据...
2026-04-06 06:49:45,879 - INFO - API返回的数据日期 2026-04-02 与目标日期 2026-04-06 相差 4 天，尝试其他日期
2026-04-06 06:49:45,879 - INFO - 尝试获取 2026-04-03 的 EFFR 数据...
2026-04-06 06:49:45,927 - INFO - ✅ 成功从纽约联储获取 EFFR: 3.64% (日期: 2026-04-02)
2026-04-06 06:49:45,928 - INFO - SUCCESS: Spread=0.0100%
2026-04-06 06:49:45,928 - WARNING - ⚠️ ALERT: 市场波动性升高！需要关注风险。
